<testsuite failures="0" name="src/test/java/jsonPlaceHolder/JPH05_TestDatalarindaDegisiklikYapma.feature" skipped="0" tests="1" time="1.030325">
  <testcase classname="src.test.java.jsonPlaceHolder.JPH05_TestDatalarindaDegisiklikYapma" name="TC04 disardan Json Obje Kullanilabilmeli" time="1.030325">
    <system-out>* def baseUrl = 'https://jsonplaceholder.typicode.com' .................... passed
* def pathParams = '/posts/70' ............................................ passed
* def requestBody = read ("request.json") ................................. passed
* def expectedResponseBody = read ("expectedResponseBody.json") ........... passed
Given url  baseUrl ........................................................ passed
And path  pathParams ...................................................... passed
When set requestBody.title = "Hasan" ...................................... passed
And set expectedResponseBody.title = "Hasan" .............................. passed
When request  requestBody ................................................. passed
And method Put ............................................................ passed
Then status 200 ........................................................... passed
And assert response.id == expectedResponseBody.id ......................... passed
And assert response.title == expectedResponseBody.title ................... passed
And assert response.body == expectedResponseBody.body ..................... passed
And assert response.userId == expectedResponseBody.userId ................. passed</system-out>
  </testcase>
</testsuite>
